   1               		.file	"at90can_buffer.c"
   2               	__SP_H__ = 0x3e
   3               	__SP_L__ = 0x3d
   4               	__SREG__ = 0x3f
   5               	__tmp_reg__ = 0
   6               	__zero_reg__ = 1
   7               		.text
   8               	.Ltext0:
   9               		.cfi_sections	.debug_frame
  10               	.global	can_check_message
  12               	can_check_message:
  13               	.LFB18:
  14               		.file 1 "at90can_buffer.c"
   1:at90can_buffer.c **** // ----------------------------------------------------------------------------
   2:at90can_buffer.c **** /*
   3:at90can_buffer.c ****  * Copyright (c) 2007 Fabian Greif, Roboterclub Aachen e.V.
   4:at90can_buffer.c ****  *  All rights reserved.
   5:at90can_buffer.c ****  *
   6:at90can_buffer.c ****  * Redistribution and use in source and binary forms, with or without
   7:at90can_buffer.c ****  * modification, are permitted provided that the following conditions
   8:at90can_buffer.c ****  * are met:
   9:at90can_buffer.c ****  * 1. Redistributions of source code must retain the above copyright
  10:at90can_buffer.c ****  *    notice, this list of conditions and the following disclaimer.
  11:at90can_buffer.c ****  * 2. Redistributions in binary form must reproduce the above copyright
  12:at90can_buffer.c ****  *    notice, this list of conditions and the following disclaimer in the
  13:at90can_buffer.c ****  *    documentation and/or other materials provided with the distribution.
  14:at90can_buffer.c ****  *
  15:at90can_buffer.c ****  * THIS SOFTWARE IS PROVIDED BY THE AUTHOR AND CONTRIBUTORS ``AS IS'' AND
  16:at90can_buffer.c ****  * ANY EXPRESS OR IMPLIED WARRANTIES, INCLUDING, BUT NOT LIMITED TO, THE
  17:at90can_buffer.c ****  * IMPLIED WARRANTIES OF MERCHANTABILITY AND FITNESS FOR A PARTICULAR PURPOSE
  18:at90can_buffer.c ****  * ARE DISCLAIMED.  IN NO EVENT SHALL THE REGENTS OR CONTRIBUTORS BE LIABLE
  19:at90can_buffer.c ****  * FOR ANY DIRECT, INDIRECT, INCIDENTAL, SPECIAL, EXEMPLARY, OR CONSEQUENTIAL
  20:at90can_buffer.c ****  * DAMAGES (INCLUDING, BUT NOT LIMITED TO, PROCUREMENT OF SUBSTITUTE GOODS
  21:at90can_buffer.c ****  * OR SERVICES; LOSS OF USE, DATA, OR PROFITS; OR BUSINESS INTERRUPTION)
  22:at90can_buffer.c ****  * HOWEVER CAUSED AND ON ANY THEORY OF LIABILITY, WHETHER IN CONTRACT, STRICT
  23:at90can_buffer.c ****  * LIABILITY, OR TORT (INCLUDING NEGLIGENCE OR OTHERWISE) ARISING IN ANY WAY
  24:at90can_buffer.c ****  * OUT OF THE USE OF THIS SOFTWARE, EVEN IF ADVISED OF THE POSSIBILITY OF
  25:at90can_buffer.c ****  * SUCH DAMAGE.
  26:at90can_buffer.c ****  *
  27:at90can_buffer.c ****  * $Id: at90can_buffer.c 6565 2008-06-14 11:35:58Z fabian $
  28:at90can_buffer.c ****  */
  29:at90can_buffer.c **** // ----------------------------------------------------------------------------
  30:at90can_buffer.c **** 
  31:at90can_buffer.c **** #include "at90can_private.h"
  32:at90can_buffer.c **** #ifdef	SUPPORT_FOR_AT90CAN__
  33:at90can_buffer.c **** 
  34:at90can_buffer.c **** // ----------------------------------------------------------------------------
  35:at90can_buffer.c **** // Checks if there is any waiting message in the registers
  36:at90can_buffer.c **** 
  37:at90can_buffer.c **** bool at90can_check_message(void)
  38:at90can_buffer.c **** {
  15               		.loc 1 38 0
  16               		.cfi_startproc
  17               	/* prologue: function */
  18               	/* frame size = 0 */
  19               	/* stack size = 0 */
  20               	.L__stack_usage = 0
  39:at90can_buffer.c **** 	#if CAN_RX_BUFFER_SIZE == 0
  40:at90can_buffer.c **** 	if (_messages_waiting > 0)
  41:at90can_buffer.c **** 		return true;
  42:at90can_buffer.c **** 	else
  43:at90can_buffer.c **** 		return false;
  44:at90can_buffer.c **** 	#else
  45:at90can_buffer.c **** 	return !can_buffer_empty( &can_rx_buffer );
  21               		.loc 1 45 0
  22 0000 80E0      		ldi r24,lo8(can_rx_buffer)
  23 0002 90E0      		ldi r25,hi8(can_rx_buffer)
  24 0004 0E94 0000 		call can_buffer_empty
  25               	.LVL0:
  46:at90can_buffer.c **** 	#endif
  47:at90can_buffer.c **** }
  26               		.loc 1 47 0
  27 0008 91E0      		ldi r25,lo8(1)
  28 000a 8927      		eor r24,r25
  29 000c 0895      		ret
  30               		.cfi_endproc
  31               	.LFE18:
  33               	.global	can_check_free_buffer
  35               	can_check_free_buffer:
  36               	.LFB19:
  48:at90can_buffer.c **** 
  49:at90can_buffer.c **** // ----------------------------------------------------------------------------
  50:at90can_buffer.c **** 
  51:at90can_buffer.c **** bool at90can_check_free_buffer(void)
  52:at90can_buffer.c **** {
  37               		.loc 1 52 0
  38               		.cfi_startproc
  39               	/* prologue: function */
  40               	/* frame size = 0 */
  41               	/* stack size = 0 */
  42               	.L__stack_usage = 0
  53:at90can_buffer.c **** 	#if CAN_TX_BUFFER_SIZE == 0
  54:at90can_buffer.c **** 	// check if there is any free MOb
  55:at90can_buffer.c **** 	if (_free_buffer > 0)
  43               		.loc 1 55 0
  44 000e 9091 0000 		lds r25,_free_buffer
  45 0012 81E0      		ldi r24,lo8(1)
  46 0014 9111      		cpse r25,__zero_reg__
  47 0016 00C0      		rjmp .L3
  48 0018 80E0      		ldi r24,0
  49               	.L3:
  56:at90can_buffer.c **** 		return true;
  57:at90can_buffer.c **** 	else
  58:at90can_buffer.c **** 		return false;
  59:at90can_buffer.c **** 	#else
  60:at90can_buffer.c **** 	return !can_buffer_full( &can_tx_buffer );
  61:at90can_buffer.c **** 	#endif
  62:at90can_buffer.c **** }
  50               		.loc 1 62 0
  51 001a 0895      		ret
  52               		.cfi_endproc
  53               	.LFE19:
  55               	.Letext0:
  56               		.file 2 "/usr/lib/avr/include/stdint.h"
  57               		.file 3 "can.h"
  58               		.file 4 "can_buffer.h"
  59               		.file 5 "at90can_private.h"
DEFINED SYMBOLS
                            *ABS*:0000000000000000 at90can_buffer.c
     /tmp/cc1Wwgbc.s:2      *ABS*:000000000000003e __SP_H__
     /tmp/cc1Wwgbc.s:3      *ABS*:000000000000003d __SP_L__
     /tmp/cc1Wwgbc.s:4      *ABS*:000000000000003f __SREG__
     /tmp/cc1Wwgbc.s:5      *ABS*:0000000000000000 __tmp_reg__
     /tmp/cc1Wwgbc.s:6      *ABS*:0000000000000001 __zero_reg__
     /tmp/cc1Wwgbc.s:12     .text:0000000000000000 can_check_message
     /tmp/cc1Wwgbc.s:35     .text:000000000000000e can_check_free_buffer

UNDEFINED SYMBOLS
can_rx_buffer
can_buffer_empty
_free_buffer
